<?xml version="1.0" encoding="UTF-8"?>
<!-- Generated by org.testng.reporters.JUnitReportReporter -->
<testsuite name="resource.Five" tests="1" time="0.001" ignored="0" failures="0" timestamp="21 Jun 2021 13:08:33 GMT" skipped="0" hostname="DESKTOP-KD0AJIH" errors="0">
  <testcase name="mode" time="0.001" classname="resource.Five"/>
</testsuite> <!-- resource.Five -->
