<?xml version="1.0" encoding="UTF-8"?>
<!-- Generated by org.testng.reporters.JUnitReportReporter -->
<testsuite name="testing.TryingQmetry.FirstTest" tests="1" time="0.015" ignored="3" failures="0" timestamp="21 Jun 2021 13:05:22 GMT" skipped="0" hostname="DESKTOP-KD0AJIH" errors="0">
  <testcase name="middle" time="0.015" classname="testing.TryingQmetry.FirstTest"/>
  <testcase name="mode" classname="resource.Five">
    <skipped/>
  </testcase> <!-- mode -->
  <testcase name="first" classname="testing.TryingQmetry.FirstTest">
    <skipped/>
  </testcase> <!-- first -->
  <testcase name="last" classname="testing.TryingQmetry.FirstTest">
    <skipped/>
  </testcase> <!-- last -->
</testsuite> <!-- testing.TryingQmetry.FirstTest -->
