<?xml version="1.0" encoding="UTF-8"?>
<!-- Generated by org.testng.reporters.JUnitReportReporter -->
<testsuite name="testing.TryingQmetry.another" tests="1" time="0.001" ignored="0" failures="0" timestamp="21 Jun 2021 12:20:01 GMT" skipped="0" hostname="DESKTOP-KD0AJIH" errors="0">
  <testcase name="ho" time="0.001" classname="testing.TryingQmetry.another"/>
</testsuite> <!-- testing.TryingQmetry.another -->
