<?xml version="1.0" encoding="UTF-8"?>
<!-- Generated by org.testng.reporters.JUnitReportReporter -->
<testsuite name="testing.TryingQmetry.SecondTest" tests="2" time="0.020" ignored="2" failures="0" timestamp="21 Jun 2021 13:11:25 GMT" skipped="0" hostname="DESKTOP-KD0AJIH" errors="0">
  <testcase name="last" time="0.002" classname="testing.TryingQmetry.SecondTest"/>
  <testcase name="second" time="0.018" classname="testing.TryingQmetry.SecondTest"/>
  <testcase name="second1" classname="testing.TryingQmetry.SecondTest">
    <skipped/>
  </testcase> <!-- second1 -->
  <testcase name="mode" classname="resource.Five">
    <skipped/>
  </testcase> <!-- mode -->
</testsuite> <!-- testing.TryingQmetry.SecondTest -->
